  4x4_Matrix.cpp
c:\users\navi\gitrepos\vectors-matricies-for-games\vectors and matricies for games\src\mathstuff.h(12): warning C4244: 'return': conversion from 'double' to 'float', possible loss of data
c:\users\navi\gitrepos\vectors-matricies-for-games\vectors and matricies for games\src\mathstuff.h(16): warning C4244: 'return': conversion from 'double' to 'float', possible loss of data
  Main.cpp
c:\users\navi\gitrepos\vectors-matricies-for-games\vectors and matricies for games\src\mathstuff.h(12): warning C4244: 'return': conversion from 'double' to 'float', possible loss of data
c:\users\navi\gitrepos\vectors-matricies-for-games\vectors and matricies for games\src\mathstuff.h(16): warning C4244: 'return': conversion from 'double' to 'float', possible loss of data
c:\users\navi\gitrepos\vectors-matricies-for-games\vectors and matricies for games\src\main.cpp(133): warning C4244: 'argument': conversion from 'float' to 'const int', possible loss of data
c:\users\navi\gitrepos\vectors-matricies-for-games\vectors and matricies for games\src\main.cpp(134): warning C4244: 'argument': conversion from 'float' to 'const int', possible loss of data
c:\users\navi\gitrepos\vectors-matricies-for-games\vectors and matricies for games\src\main.cpp(140): warning C4244: 'argument': conversion from 'float' to 'const int', possible loss of data
c:\users\navi\gitrepos\vectors-matricies-for-games\vectors and matricies for games\src\main.cpp(141): warning C4244: 'argument': conversion from 'float' to 'const int', possible loss of data
c:\users\navi\gitrepos\vectors-matricies-for-games\vectors and matricies for games\src\main.cpp(267): warning C4244: 'initializing': conversion from 'int' to 'float', possible loss of data
c:\users\navi\gitrepos\vectors-matricies-for-games\vectors and matricies for games\src\main.cpp(267): warning C4244: 'initializing': conversion from 'int' to 'const float', possible loss of data
c:\users\navi\gitrepos\vectors-matricies-for-games\vectors and matricies for games\src\main.cpp(268): warning C4244: 'initializing': conversion from 'int' to 'float', possible loss of data
c:\users\navi\gitrepos\vectors-matricies-for-games\vectors and matricies for games\src\main.cpp(268): warning C4244: 'initializing': conversion from 'int' to 'const float', possible loss of data
  Generating code
  Finished generating code
TL-Engine2017.lib(TL-Engine.obj) : warning LNK4099: PDB 'TL-Engine.pdb' was not found with 'TL-Engine2017.lib(TL-Engine.obj)' or at 'C:\Users\navi\gitrepos\Vectors-Matricies-for-games\Vectors and Matricies for games\TL-Engine.pdb'; linking object as if no debug info
TL-Engine2017.lib(MSDefines.obj) : warning LNK4099: PDB 'TLX-Common.pdb' was not found with 'TL-Engine2017.lib(MSDefines.obj)' or at 'C:\Users\navi\gitrepos\Vectors-Matricies-for-games\Vectors and Matricies for games\TLX-Common.pdb'; linking object as if no debug info
TL-Engine2017.lib(IrrlichtEngine.obj) : warning LNK4099: PDB '3DEngine.pdb' was not found with 'TL-Engine2017.lib(IrrlichtEngine.obj)' or at 'C:\Users\navi\gitrepos\Vectors-Matricies-for-games\Vectors and Matricies for games\3DEngine.pdb'; linking object as if no debug info
TL-Engine2017.lib(TLXEngine.obj) : warning LNK4099: PDB '3DEngine.pdb' was not found with 'TL-Engine2017.lib(TLXEngine.obj)' or at 'C:\Users\navi\gitrepos\Vectors-Matricies-for-games\Vectors and Matricies for games\3DEngine.pdb'; linking object as if no debug info
TL-Engine2017.lib(CFatalException.obj) : warning LNK4099: PDB 'TLX-Common.pdb' was not found with 'TL-Engine2017.lib(CFatalException.obj)' or at 'C:\Users\navi\gitrepos\Vectors-Matricies-for-games\Vectors and Matricies for games\TLX-Common.pdb'; linking object as if no debug info
TL-Engine2017.lib(CMSWindow.obj) : warning LNK4099: PDB 'TLX-Common.pdb' was not found with 'TL-Engine2017.lib(CMSWindow.obj)' or at 'C:\Users\navi\gitrepos\Vectors-Matricies-for-games\Vectors and Matricies for games\TLX-Common.pdb'; linking object as if no debug info
TL-Engine2017.lib(CMSTimer.obj) : warning LNK4099: PDB 'TLX-Common.pdb' was not found with 'TL-Engine2017.lib(CMSTimer.obj)' or at 'C:\Users\navi\gitrepos\Vectors-Matricies-for-games\Vectors and Matricies for games\TLX-Common.pdb'; linking object as if no debug info
TL-Engine2017.lib(IrrlichtMesh.obj) : warning LNK4099: PDB '3DEngine.pdb' was not found with 'TL-Engine2017.lib(IrrlichtMesh.obj)' or at 'C:\Users\navi\gitrepos\Vectors-Matricies-for-games\Vectors and Matricies for games\3DEngine.pdb'; linking object as if no debug info
TL-Engine2017.lib(IrrlichtLight.obj) : warning LNK4099: PDB '3DEngine.pdb' was not found with 'TL-Engine2017.lib(IrrlichtLight.obj)' or at 'C:\Users\navi\gitrepos\Vectors-Matricies-for-games\Vectors and Matricies for games\3DEngine.pdb'; linking object as if no debug info
TL-Engine2017.lib(IrrlichtCamera.obj) : warning LNK4099: PDB '3DEngine.pdb' was not found with 'TL-Engine2017.lib(IrrlichtCamera.obj)' or at 'C:\Users\navi\gitrepos\Vectors-Matricies-for-games\Vectors and Matricies for games\3DEngine.pdb'; linking object as if no debug info
TL-Engine2017.lib(IrrlichtInput.obj) : warning LNK4099: PDB '3DEngine.pdb' was not found with 'TL-Engine2017.lib(IrrlichtInput.obj)' or at 'C:\Users\navi\gitrepos\Vectors-Matricies-for-games\Vectors and Matricies for games\3DEngine.pdb'; linking object as if no debug info
TL-Engine2017.lib(IrrlichtFont.obj) : warning LNK4099: PDB '3DEngine.pdb' was not found with 'TL-Engine2017.lib(IrrlichtFont.obj)' or at 'C:\Users\navi\gitrepos\Vectors-Matricies-for-games\Vectors and Matricies for games\3DEngine.pdb'; linking object as if no debug info
TL-Engine2017.lib(Errors.obj) : warning LNK4099: PDB 'Common.pdb' was not found with 'TL-Engine2017.lib(Errors.obj)' or at 'C:\Users\navi\gitrepos\Vectors-Matricies-for-games\Vectors and Matricies for games\Common.pdb'; linking object as if no debug info
TL-Engine2017.lib(CInputReceiver.obj) : warning LNK4099: PDB 'TLX-Common.pdb' was not found with 'TL-Engine2017.lib(CInputReceiver.obj)' or at 'C:\Users\navi\gitrepos\Vectors-Matricies-for-games\Vectors and Matricies for games\TLX-Common.pdb'; linking object as if no debug info
TL-Engine2017.lib(TLX-Render.obj) : warning LNK4099: PDB 'TLX-Render.pdb' was not found with 'TL-Engine2017.lib(TLX-Render.obj)' or at 'C:\Users\navi\gitrepos\Vectors-Matricies-for-games\Vectors and Matricies for games\TLX-Render.pdb'; linking object as if no debug info
TL-Engine2017.lib(Surface.obj) : warning LNK4099: PDB 'TLX-Render.pdb' was not found with 'TL-Engine2017.lib(Surface.obj)' or at 'C:\Users\navi\gitrepos\Vectors-Matricies-for-games\Vectors and Matricies for games\TLX-Render.pdb'; linking object as if no debug info
TL-Engine2017.lib(CWindowReceiver.obj) : warning LNK4099: PDB 'TLX-Render.pdb' was not found with 'TL-Engine2017.lib(CWindowReceiver.obj)' or at 'C:\Users\navi\gitrepos\Vectors-Matricies-for-games\Vectors and Matricies for games\TLX-Render.pdb'; linking object as if no debug info
TL-Engine2017.lib(CMatrix4x4.obj) : warning LNK4099: PDB 'TLX-Common.pdb' was not found with 'TL-Engine2017.lib(CMatrix4x4.obj)' or at 'C:\Users\navi\gitrepos\Vectors-Matricies-for-games\Vectors and Matricies for games\TLX-Common.pdb'; linking object as if no debug info
TL-Engine2017.lib(TLX-Engine.obj) : warning LNK4099: PDB 'TLX-Engine.pdb' was not found with 'TL-Engine2017.lib(TLX-Engine.obj)' or at 'C:\Users\navi\gitrepos\Vectors-Matricies-for-games\Vectors and Matricies for games\TLX-Engine.pdb'; linking object as if no debug info
TL-Engine2017.lib(TLXMesh.obj) : warning LNK4099: PDB '3DEngine.pdb' was not found with 'TL-Engine2017.lib(TLXMesh.obj)' or at 'C:\Users\navi\gitrepos\Vectors-Matricies-for-games\Vectors and Matricies for games\3DEngine.pdb'; linking object as if no debug info
TL-Engine2017.lib(TLXSprite.obj) : warning LNK4099: PDB '3DEngine.pdb' was not found with 'TL-Engine2017.lib(TLXSprite.obj)' or at 'C:\Users\navi\gitrepos\Vectors-Matricies-for-games\Vectors and Matricies for games\3DEngine.pdb'; linking object as if no debug info
TL-Engine2017.lib(TLXFont.obj) : warning LNK4099: PDB '3DEngine.pdb' was not found with 'TL-Engine2017.lib(TLXFont.obj)' or at 'C:\Users\navi\gitrepos\Vectors-Matricies-for-games\Vectors and Matricies for games\3DEngine.pdb'; linking object as if no debug info
TL-Engine2017.lib(TLXCamera.obj) : warning LNK4099: PDB '3DEngine.pdb' was not found with 'TL-Engine2017.lib(TLXCamera.obj)' or at 'C:\Users\navi\gitrepos\Vectors-Matricies-for-games\Vectors and Matricies for games\3DEngine.pdb'; linking object as if no debug info
TL-Engine2017.lib(TLXLight.obj) : warning LNK4099: PDB '3DEngine.pdb' was not found with 'TL-Engine2017.lib(TLXLight.obj)' or at 'C:\Users\navi\gitrepos\Vectors-Matricies-for-games\Vectors and Matricies for games\3DEngine.pdb'; linking object as if no debug info
TL-Engine2017.lib(Utility.obj) : warning LNK4099: PDB 'TLX-Common.pdb' was not found with 'TL-Engine2017.lib(Utility.obj)' or at 'C:\Users\navi\gitrepos\Vectors-Matricies-for-games\Vectors and Matricies for games\TLX-Common.pdb'; linking object as if no debug info
TL-Engine2017.lib(IrrlichtModel.obj) : warning LNK4099: PDB '3DEngine.pdb' was not found with 'TL-Engine2017.lib(IrrlichtModel.obj)' or at 'C:\Users\navi\gitrepos\Vectors-Matricies-for-games\Vectors and Matricies for games\3DEngine.pdb'; linking object as if no debug info
TL-Engine2017.lib(IrrlichtSceneNode.obj) : warning LNK4099: PDB '3DEngine.pdb' was not found with 'TL-Engine2017.lib(IrrlichtSceneNode.obj)' or at 'C:\Users\navi\gitrepos\Vectors-Matricies-for-games\Vectors and Matricies for games\3DEngine.pdb'; linking object as if no debug info
TL-Engine2017.lib(CRenderDeviceDX.obj) : warning LNK4099: PDB 'TLX-Render.pdb' was not found with 'TL-Engine2017.lib(CRenderDeviceDX.obj)' or at 'C:\Users\navi\gitrepos\Vectors-Matricies-for-games\Vectors and Matricies for games\TLX-Render.pdb'; linking object as if no debug info
TL-Engine2017.lib(CVector3.obj) : warning LNK4099: PDB 'TLX-Common.pdb' was not found with 'TL-Engine2017.lib(CVector3.obj)' or at 'C:\Users\navi\gitrepos\Vectors-Matricies-for-games\Vectors and Matricies for games\TLX-Common.pdb'; linking object as if no debug info
TL-Engine2017.lib(CSceneManager.obj) : warning LNK4099: PDB 'TLX-Engine.pdb' was not found with 'TL-Engine2017.lib(CSceneManager.obj)' or at 'C:\Users\navi\gitrepos\Vectors-Matricies-for-games\Vectors and Matricies for games\TLX-Engine.pdb'; linking object as if no debug info
TL-Engine2017.lib(TLXModel.obj) : warning LNK4099: PDB '3DEngine.pdb' was not found with 'TL-Engine2017.lib(TLXModel.obj)' or at 'C:\Users\navi\gitrepos\Vectors-Matricies-for-games\Vectors and Matricies for games\3DEngine.pdb'; linking object as if no debug info
TL-Engine2017.lib(TLXSceneNode.obj) : warning LNK4099: PDB '3DEngine.pdb' was not found with 'TL-Engine2017.lib(TLXSceneNode.obj)' or at 'C:\Users\navi\gitrepos\Vectors-Matricies-for-games\Vectors and Matricies for games\3DEngine.pdb'; linking object as if no debug info
TL-Engine2017.lib(Log.obj) : warning LNK4099: PDB 'TLX-Common.pdb' was not found with 'TL-Engine2017.lib(Log.obj)' or at 'C:\Users\navi\gitrepos\Vectors-Matricies-for-games\Vectors and Matricies for games\TLX-Common.pdb'; linking object as if no debug info
TL-Engine2017.lib(DXUtility.obj) : warning LNK4099: PDB 'TLX-Render.pdb' was not found with 'TL-Engine2017.lib(DXUtility.obj)' or at 'C:\Users\navi\gitrepos\Vectors-Matricies-for-games\Vectors and Matricies for games\TLX-Render.pdb'; linking object as if no debug info
TL-Engine2017.lib(CTextureManagerDX.obj) : warning LNK4099: PDB 'TLX-Render.pdb' was not found with 'TL-Engine2017.lib(CTextureManagerDX.obj)' or at 'C:\Users\navi\gitrepos\Vectors-Matricies-for-games\Vectors and Matricies for games\TLX-Render.pdb'; linking object as if no debug info
TL-Engine2017.lib(CBufferManagerDX.obj) : warning LNK4099: PDB 'TLX-Render.pdb' was not found with 'TL-Engine2017.lib(CBufferManagerDX.obj)' or at 'C:\Users\navi\gitrepos\Vectors-Matricies-for-games\Vectors and Matricies for games\TLX-Render.pdb'; linking object as if no debug info
TL-Engine2017.lib(CMeshManagerDX.obj) : warning LNK4099: PDB 'TLX-Render.pdb' was not found with 'TL-Engine2017.lib(CMeshManagerDX.obj)' or at 'C:\Users\navi\gitrepos\Vectors-Matricies-for-games\Vectors and Matricies for games\TLX-Render.pdb'; linking object as if no debug info
TL-Engine2017.lib(CRenderDevice.obj) : warning LNK4099: PDB 'TLX-Render.pdb' was not found with 'TL-Engine2017.lib(CRenderDevice.obj)' or at 'C:\Users\navi\gitrepos\Vectors-Matricies-for-games\Vectors and Matricies for games\TLX-Render.pdb'; linking object as if no debug info
TL-Engine2017.lib(CRenderManagerDX.obj) : warning LNK4099: PDB 'TLX-Render.pdb' was not found with 'TL-Engine2017.lib(CRenderManagerDX.obj)' or at 'C:\Users\navi\gitrepos\Vectors-Matricies-for-games\Vectors and Matricies for games\TLX-Render.pdb'; linking object as if no debug info
TL-Engine2017.lib(CCamera.obj) : warning LNK4099: PDB 'TLX-Engine.pdb' was not found with 'TL-Engine2017.lib(CCamera.obj)' or at 'C:\Users\navi\gitrepos\Vectors-Matricies-for-games\Vectors and Matricies for games\TLX-Engine.pdb'; linking object as if no debug info
TL-Engine2017.lib(CInstance.obj) : warning LNK4099: PDB 'TLX-Engine.pdb' was not found with 'TL-Engine2017.lib(CInstance.obj)' or at 'C:\Users\navi\gitrepos\Vectors-Matricies-for-games\Vectors and Matricies for games\TLX-Engine.pdb'; linking object as if no debug info
TL-Engine2017.lib(CPositionMatrix.obj) : warning LNK4099: PDB 'TLX-Common.pdb' was not found with 'TL-Engine2017.lib(CPositionMatrix.obj)' or at 'C:\Users\navi\gitrepos\Vectors-Matricies-for-games\Vectors and Matricies for games\TLX-Common.pdb'; linking object as if no debug info
TL-Engine2017.lib(TLXModelNode.obj) : warning LNK4099: PDB '3DEngine.pdb' was not found with 'TL-Engine2017.lib(TLXModelNode.obj)' or at 'C:\Users\navi\gitrepos\Vectors-Matricies-for-games\Vectors and Matricies for games\3DEngine.pdb'; linking object as if no debug info
TL-Engine2017.lib(LogStream.obj) : warning LNK4099: PDB 'TLX-Common.pdb' was not found with 'TL-Engine2017.lib(LogStream.obj)' or at 'C:\Users\navi\gitrepos\Vectors-Matricies-for-games\Vectors and Matricies for games\TLX-Common.pdb'; linking object as if no debug info
TL-Engine2017.lib(MeshData.obj) : warning LNK4099: PDB 'TLX-Render.pdb' was not found with 'TL-Engine2017.lib(MeshData.obj)' or at 'C:\Users\navi\gitrepos\Vectors-Matricies-for-games\Vectors and Matricies for games\TLX-Render.pdb'; linking object as if no debug info
TL-Engine2017.lib(CFontDX.obj) : warning LNK4099: PDB 'TLX-Render.pdb' was not found with 'TL-Engine2017.lib(CFontDX.obj)' or at 'C:\Users\navi\gitrepos\Vectors-Matricies-for-games\Vectors and Matricies for games\TLX-Render.pdb'; linking object as if no debug info
TL-Engine2017.lib(CTextureSurfaceDX.obj) : warning LNK4099: PDB 'TLX-Render.pdb' was not found with 'TL-Engine2017.lib(CTextureSurfaceDX.obj)' or at 'C:\Users\navi\gitrepos\Vectors-Matricies-for-games\Vectors and Matricies for games\TLX-Render.pdb'; linking object as if no debug info
TL-Engine2017.lib(CTextureManager.obj) : warning LNK4099: PDB 'TLX-Render.pdb' was not found with 'TL-Engine2017.lib(CTextureManager.obj)' or at 'C:\Users\navi\gitrepos\Vectors-Matricies-for-games\Vectors and Matricies for games\TLX-Render.pdb'; linking object as if no debug info
TL-Engine2017.lib(CSpriteDX.obj) : warning LNK4099: PDB 'TLX-Render.pdb' was not found with 'TL-Engine2017.lib(CSpriteDX.obj)' or at 'C:\Users\navi\gitrepos\Vectors-Matricies-for-games\Vectors and Matricies for games\TLX-Render.pdb'; linking object as if no debug info
TL-Engine2017.lib(CBufferManager.obj) : warning LNK4099: PDB 'TLX-Render.pdb' was not found with 'TL-Engine2017.lib(CBufferManager.obj)' or at 'C:\Users\navi\gitrepos\Vectors-Matricies-for-games\Vectors and Matricies for games\TLX-Render.pdb'; linking object as if no debug info
TL-Engine2017.lib(CIndexBufferDX.obj) : warning LNK4099: PDB 'TLX-Render.pdb' was not found with 'TL-Engine2017.lib(CIndexBufferDX.obj)' or at 'C:\Users\navi\gitrepos\Vectors-Matricies-for-games\Vectors and Matricies for games\TLX-Render.pdb'; linking object as if no debug info
TL-Engine2017.lib(CVertexBufferDX.obj) : warning LNK4099: PDB 'TLX-Render.pdb' was not found with 'TL-Engine2017.lib(CVertexBufferDX.obj)' or at 'C:\Users\navi\gitrepos\Vectors-Matricies-for-games\Vectors and Matricies for games\TLX-Render.pdb'; linking object as if no debug info
TL-Engine2017.lib(CMeshManager.obj) : warning LNK4099: PDB 'TLX-Render.pdb' was not found with 'TL-Engine2017.lib(CMeshManager.obj)' or at 'C:\Users\navi\gitrepos\Vectors-Matricies-for-games\Vectors and Matricies for games\TLX-Render.pdb'; linking object as if no debug info
TL-Engine2017.lib(CImportXFile.obj) : warning LNK4099: PDB 'TLX-Render.pdb' was not found with 'TL-Engine2017.lib(CImportXFile.obj)' or at 'C:\Users\navi\gitrepos\Vectors-Matricies-for-games\Vectors and Matricies for games\TLX-Render.pdb'; linking object as if no debug info
TL-Engine2017.lib(CResourceManager.obj) : warning LNK4099: PDB 'TLX-Render.pdb' was not found with 'TL-Engine2017.lib(CResourceManager.obj)' or at 'C:\Users\navi\gitrepos\Vectors-Matricies-for-games\Vectors and Matricies for games\TLX-Render.pdb'; linking object as if no debug info
TL-Engine2017.lib(CRenderManager.obj) : warning LNK4099: PDB 'TLX-Render.pdb' was not found with 'TL-Engine2017.lib(CRenderManager.obj)' or at 'C:\Users\navi\gitrepos\Vectors-Matricies-for-games\Vectors and Matricies for games\TLX-Render.pdb'; linking object as if no debug info
TL-Engine2017.lib(CGenericProcessDX.obj) : warning LNK4099: PDB 'TLX-Render.pdb' was not found with 'TL-Engine2017.lib(CGenericProcessDX.obj)' or at 'C:\Users\navi\gitrepos\Vectors-Matricies-for-games\Vectors and Matricies for games\TLX-Render.pdb'; linking object as if no debug info
TL-Engine2017.lib(CPositionNode.obj) : warning LNK4099: PDB 'TLX-Engine.pdb' was not found with 'TL-Engine2017.lib(CPositionNode.obj)' or at 'C:\Users\navi\gitrepos\Vectors-Matricies-for-games\Vectors and Matricies for games\TLX-Engine.pdb'; linking object as if no debug info
TL-Engine2017.lib(CRenderBucket.obj) : warning LNK4099: PDB 'TLX-Render.pdb' was not found with 'TL-Engine2017.lib(CRenderBucket.obj)' or at 'C:\Users\navi\gitrepos\Vectors-Matricies-for-games\Vectors and Matricies for games\TLX-Render.pdb'; linking object as if no debug info
TL-Engine2017.lib(CTextureSurface.obj) : warning LNK4099: PDB 'TLX-Render.pdb' was not found with 'TL-Engine2017.lib(CTextureSurface.obj)' or at 'C:\Users\navi\gitrepos\Vectors-Matricies-for-games\Vectors and Matricies for games\TLX-Render.pdb'; linking object as if no debug info
TL-Engine2017.lib(BaseMath.obj) : warning LNK4099: PDB 'TLX-Common.pdb' was not found with 'TL-Engine2017.lib(BaseMath.obj)' or at 'C:\Users\navi\gitrepos\Vectors-Matricies-for-games\Vectors and Matricies for games\TLX-Common.pdb'; linking object as if no debug info
TL-Engine2017.lib(CTexture.obj) : warning LNK4099: PDB 'TLX-Render.pdb' was not found with 'TL-Engine2017.lib(CTexture.obj)' or at 'C:\Users\navi\gitrepos\Vectors-Matricies-for-games\Vectors and Matricies for games\TLX-Render.pdb'; linking object as if no debug info
TL-Engine2017.lib(CBuffer.obj) : warning LNK4099: PDB 'TLX-Render.pdb' was not found with 'TL-Engine2017.lib(CBuffer.obj)' or at 'C:\Users\navi\gitrepos\Vectors-Matricies-for-games\Vectors and Matricies for games\TLX-Render.pdb'; linking object as if no debug info
TL-Engine2017.lib(CMesh.obj) : warning LNK4099: PDB 'TLX-Render.pdb' was not found with 'TL-Engine2017.lib(CMesh.obj)' or at 'C:\Users\navi\gitrepos\Vectors-Matricies-for-games\Vectors and Matricies for games\TLX-Render.pdb'; linking object as if no debug info
TL-Engine2017.lib(Render.obj) : warning LNK4099: PDB 'TLX-Render.pdb' was not found with 'TL-Engine2017.lib(Render.obj)' or at 'C:\Users\navi\gitrepos\Vectors-Matricies-for-games\Vectors and Matricies for games\TLX-Render.pdb'; linking object as if no debug info
TL-Engine2017.lib(CHashTable.obj) : warning LNK4099: PDB 'TLX-Common.pdb' was not found with 'TL-Engine2017.lib(CHashTable.obj)' or at 'C:\Users\navi\gitrepos\Vectors-Matricies-for-games\Vectors and Matricies for games\TLX-Common.pdb'; linking object as if no debug info
TL-Engine2017.lib(Mesh.obj) : warning LNK4099: PDB 'TLX-Render.pdb' was not found with 'TL-Engine2017.lib(Mesh.obj)' or at 'C:\Users\navi\gitrepos\Vectors-Matricies-for-games\Vectors and Matricies for games\TLX-Render.pdb'; linking object as if no debug info
TL-Engine2017.lib(NvTriStrip.obj) : warning LNK4099: PDB 'NvTriStrip.pdb' was not found with 'TL-Engine2017.lib(NvTriStrip.obj)' or at 'C:\Users\navi\gitrepos\Vectors-Matricies-for-games\Vectors and Matricies for games\NvTriStrip.pdb'; linking object as if no debug info
TL-Engine2017.lib(NvTriStripObjects.obj) : warning LNK4099: PDB 'NvTriStrip.pdb' was not found with 'TL-Engine2017.lib(NvTriStripObjects.obj)' or at 'C:\Users\navi\gitrepos\Vectors-Matricies-for-games\Vectors and Matricies for games\NvTriStrip.pdb'; linking object as if no debug info
  Vectors and Matricies for games.vcxproj -> C:\Users\navi\gitrepos\Vectors-Matricies-for-games\Vectors and Matricies for games\\Vectors and Matricies for games.exe
  Copying DLLs & shaders...
