c:\users\navi\documents\tl engine\projects\vectors and matricies for games\debug\vc141.pdb
c:\users\navi\documents\tl engine\projects\vectors and matricies for games\debug\vc141.idb
c:\users\navi\documents\tl engine\projects\vectors and matricies for games\debug\vector3.obj
c:\users\navi\documents\tl engine\projects\vectors and matricies for games\debug\vectors and matricies for games.obj
c:\users\navi\gitrepos\vectors-matricies-for-games\vectors and matricies for games\debug\vc141.pdb
c:\users\navi\gitrepos\vectors-matricies-for-games\vectors and matricies for games\debug\vc141.idb
c:\users\navi\gitrepos\vectors-matricies-for-games\vectors and matricies for games\debug\vector3.obj
c:\users\navi\documents\tl engine\projects\vectors and matricies for games\vectors and matricies for gamesdebug.ilk
c:\users\navi\documents\tl engine\projects\vectors and matricies for games\vectors and matricies for gamesdebug.exe
c:\users\navi\documents\tl engine\projects\vectors and matricies for games\vectors and matricies for games.pdb
c:\users\navi\gitrepos\vectors-matricies-for-games\vectors and matricies for games\vectors and matricies for gamesdebug.exe
c:\users\navi\gitrepos\vectors-matricies-for-games\vectors and matricies for games\vectors and matricies for gamesdebug.ilk
c:\users\navi\gitrepos\vectors-matricies-for-games\vectors and matricies for games\vectors and matricies for games.pdb
c:\users\navi\gitrepos\vectors-matricies-for-games\vectors and matricies for games\debug\vectors and matricies for games.obj
c:\users\navi\gitrepos\vectors-matricies-for-games\vectors and matricies for games\\vectors and matricies for gamesdebug.exe
c:\users\navi\gitrepos\vectors-matricies-for-games\vectors and matricies for games\\vectors and matricies for gamesdebug.ilk
c:\users\navi\gitrepos\vectors-matricies-for-games\vectors and matricies for games\debug\vectors .09e3bfc2.tlog\cl.command.1.tlog
c:\users\navi\gitrepos\vectors-matricies-for-games\vectors and matricies for games\debug\vectors .09e3bfc2.tlog\cl.read.1.tlog
c:\users\navi\gitrepos\vectors-matricies-for-games\vectors and matricies for games\debug\vectors .09e3bfc2.tlog\cl.write.1.tlog
c:\users\navi\gitrepos\vectors-matricies-for-games\vectors and matricies for games\debug\vectors .09e3bfc2.tlog\link.command.1.tlog
c:\users\navi\gitrepos\vectors-matricies-for-games\vectors and matricies for games\debug\vectors .09e3bfc2.tlog\link.read.1.tlog
c:\users\navi\gitrepos\vectors-matricies-for-games\vectors and matricies for games\debug\vectors .09e3bfc2.tlog\link.write.1.tlog
